2022-01-26 17:25:58,850 | az_logger.py   :98   - __init__   > === az logger started. Log file: C:\git-repos2\python-test-script\az_lib.log ===
2022-01-26 17:25:58,850 | az_logger.py   :101  - __init__   > You can change the log filename with env variable <AZ_LOGGER_NAME>.
2022-01-26 17:25:58,865 | az_lib.py      :31   - __init__   > Initializing az lib 
2022-01-26 17:25:58,865 | az_lib.py      :73   - auth_to_azeti > Authenticating with azeti api...
2022-01-26 17:25:59,112 | az_lib.py      :94   - auth_to_azeti > Authenticated. We might need to authenticated again, since the token as limited lifetime.
2022-01-26 17:29:44,067 | az_logger.py   :98   - __init__   > === az logger started. Log file: C:\git-repos2\python-test-script\az_lib.log ===
2022-01-26 17:29:44,068 | az_logger.py   :101  - __init__   > You can change the log filename with env variable <AZ_LOGGER_NAME>.
2022-01-26 17:29:44,069 | az_lib.py      :31   - __init__   > Initializing az lib 
2022-01-26 17:30:53,499 | az_logger.py   :98   - __init__   > === az logger started. Log file: C:\git-repos2\python-test-script\az_lib.log ===
2022-01-26 17:30:53,499 | az_logger.py   :101  - __init__   > You can change the log filename with env variable <AZ_LOGGER_NAME>.
2022-01-26 17:30:53,515 | az_lib.py      :31   - __init__   > Initializing az lib 
2022-01-26 17:30:53,515 | az_lib.py      :42   - init_mqtt  > Starting inbound listener for host environment (no docker)
2022-01-27 11:07:35,146 | az_logger.py   :98   - __init__   > === az logger started. Log file: C:\git-repos2\python-test-script\az_lib.log ===
2022-01-27 11:07:35,147 | az_logger.py   :101  - __init__   > You can change the log filename with env variable <AZ_LOGGER_NAME>.
2022-01-27 11:07:40,472 | az_logger.py   :98   - __init__   > === az logger started. Log file: C:\git-repos2\python-test-script\az_lib.log ===
2022-01-27 11:07:40,473 | az_logger.py   :101  - __init__   > You can change the log filename with env variable <AZ_LOGGER_NAME>.
2022-01-27 11:09:25,611 | az_logger.py   :98   - __init__   > === az logger started. Log file: C:\git-repos2\python-test-script\az_lib.log ===
2022-01-27 11:09:25,612 | az_logger.py   :101  - __init__   > You can change the log filename with env variable <AZ_LOGGER_NAME>.
2022-01-27 11:10:31,871 | az_logger.py   :98   - __init__   > === az logger started. Log file: C:\git-repos2\python-test-script\az_lib.log ===
2022-01-27 11:10:31,872 | az_logger.py   :101  - __init__   > You can change the log filename with env variable <AZ_LOGGER_NAME>.
2022-01-27 11:10:43,209 | az_logger.py   :98   - __init__   > === az logger started. Log file: C:\git-repos2\python-test-script\az_lib.log ===
2022-01-27 11:10:43,209 | az_logger.py   :101  - __init__   > You can change the log filename with env variable <AZ_LOGGER_NAME>.
2022-01-27 11:11:02,528 | az_logger.py   :98   - __init__   > === az logger started. Log file: C:\git-repos2\python-test-script\az_lib.log ===
2022-01-27 11:11:02,528 | az_logger.py   :101  - __init__   > You can change the log filename with env variable <AZ_LOGGER_NAME>.
2022-01-27 11:11:21,480 | az_logger.py   :98   - __init__   > === az logger started. Log file: C:\git-repos2\python-test-script\az_lib.log ===
2022-01-27 11:11:21,481 | az_logger.py   :101  - __init__   > You can change the log filename with env variable <AZ_LOGGER_NAME>.
2022-01-27 11:11:47,855 | az_logger.py   :98   - __init__   > === az logger started. Log file: C:\git-repos2\python-test-script\az_lib.log ===
2022-01-27 11:11:47,855 | az_logger.py   :101  - __init__   > You can change the log filename with env variable <AZ_LOGGER_NAME>.
2022-01-27 11:11:52,871 | az_lib.py      :43   - publish_sensor_value > >> PUBLISH <My test value>=<1
2022-01-27 11:12:13,404 | az_logger.py   :98   - __init__   > === az logger started. Log file: C:\git-repos2\python-test-script\az_lib.log ===
2022-01-27 11:12:13,404 | az_logger.py   :101  - __init__   > You can change the log filename with env variable <AZ_LOGGER_NAME>.
2022-01-27 11:12:18,420 | az_lib.py      :43   - publish_sensor_value > >> PUBLISH <My test value>=<1
2022-01-27 11:12:23,427 | az_lib.py      :43   - publish_sensor_value > >> PUBLISH <My test value>=<2
2022-01-27 11:12:28,430 | az_lib.py      :43   - publish_sensor_value > >> PUBLISH <My test value>=<3
2022-01-27 11:12:33,436 | az_lib.py      :43   - publish_sensor_value > >> PUBLISH <My test value>=<4
2022-01-27 11:12:38,438 | az_lib.py      :43   - publish_sensor_value > >> PUBLISH <My test value>=<5
2022-01-27 11:12:43,454 | az_lib.py      :43   - publish_sensor_value > >> PUBLISH <My test value>=<6
2022-01-27 11:12:48,466 | az_lib.py      :43   - publish_sensor_value > >> PUBLISH <My test value>=<7
2022-01-27 11:12:50,331 | az_logger.py   :98   - __init__   > === az logger started. Log file: C:\git-repos2\python-test-script\az_lib.log ===
2022-01-27 11:12:50,332 | az_logger.py   :101  - __init__   > You can change the log filename with env variable <AZ_LOGGER_NAME>.
2022-01-27 11:13:06,876 | az_logger.py   :98   - __init__   > === az logger started. Log file: C:\git-repos2\python-test-script\az_lib.log ===
2022-01-27 11:13:06,876 | az_logger.py   :101  - __init__   > You can change the log filename with env variable <AZ_LOGGER_NAME>.
2022-01-27 11:13:06,880 | az_lib.py      :43   - publish    > >> PUBLISH <My test value>=<1
2022-01-27 11:13:11,888 | az_lib.py      :43   - publish    > >> PUBLISH <My test value>=<2
2022-01-27 11:13:16,899 | az_lib.py      :43   - publish    > >> PUBLISH <My test value>=<3
2022-01-27 11:13:21,913 | az_lib.py      :43   - publish    > >> PUBLISH <My test value>=<4
2022-01-27 11:13:26,925 | az_lib.py      :43   - publish    > >> PUBLISH <My test value>=<5
2022-01-27 11:13:31,931 | az_lib.py      :43   - publish    > >> PUBLISH <My test value>=<6
2022-01-27 11:13:36,935 | az_lib.py      :43   - publish    > >> PUBLISH <My test value>=<7
2022-01-27 11:13:41,938 | az_lib.py      :43   - publish    > >> PUBLISH <My test value>=<8
2022-01-27 11:14:06,528 | az_logger.py   :98   - __init__   > === az logger started. Log file: C:\git-repos2\python-test-script\az_lib.log ===
2022-01-27 11:14:06,529 | az_logger.py   :101  - __init__   > You can change the log filename with env variable <AZ_LOGGER_NAME>.
2022-01-27 11:14:06,532 | hello-world.py :15   - <module>   > Printing data with cycle: 1
2022-01-27 11:14:56,233 | az_logger.py   :98   - __init__   > === az logger started. Log file: C:\git-repos2\python-test-script\az_lib.log ===
2022-01-27 11:14:56,233 | az_logger.py   :101  - __init__   > You can change the log filename with env variable <AZ_LOGGER_NAME>.
2022-01-27 11:14:56,236 | hello-world.py :15   - <module>   > Printing data with cycle: 1
2022-01-27 11:14:56,236 | az_lib.py      :43   - publish    > >> PUBLISH My test value: 1
2022-01-27 11:15:01,244 | hello-world.py :15   - <module>   > Printing data with cycle: 2
2022-01-27 11:15:01,244 | az_lib.py      :43   - publish    > >> PUBLISH My test value: 2
2022-01-27 11:15:06,252 | hello-world.py :15   - <module>   > Printing data with cycle: 3
2022-01-27 11:15:06,254 | az_lib.py      :43   - publish    > >> PUBLISH My test value: 3
2022-01-27 11:15:11,259 | hello-world.py :15   - <module>   > Printing data with cycle: 4
2022-01-27 11:15:11,260 | az_lib.py      :43   - publish    > >> PUBLISH My test value: 4
2022-01-27 11:15:16,271 | hello-world.py :15   - <module>   > Printing data with cycle: 5
2022-01-27 11:15:16,272 | az_lib.py      :43   - publish    > >> PUBLISH My test value: 5
